#
# There is insufficient memory for the Java Runtime Environment to continue.
# Native memory allocation (mmap) failed to map 65536 bytes for Failed to commit metaspace.
# Possible reasons:
#   The system is out of physical RAM or swap space
#   The process is running with CompressedOops enabled, and the Java Heap may be blocking the growth of the native heap
# Possible solutions:
#   Reduce memory load on the system
#   Increase physical memory or swap space
#   Check if swap backing store is full
#   Decrease Java heap size (-Xmx/-Xms)
#   Decrease number of Java threads
#   Decrease Java thread stack sizes (-Xss)
#   Set larger code cache with -XX:ReservedCodeCacheSize=
#   JVM is running with Unscaled Compressed Oops mode in which the Java heap is
#     placed in the first 4GB address space. The Java Heap base address is the
#     maximum limit for the native heap growth. Please use -XX:HeapBaseMinAddress
#     to set the Java Heap base and to place the Java Heap above 4GB virtual address.
# This output file may be truncated or incomplete.
#
#  Out of Memory Error (virtualSpaceNode.cpp:112), pid=13400, tid=10420
#
# JRE version: Java(TM) SE Runtime Environment (21.0.9+7) (build 21.0.9+7-LTS-338)
# Java VM: Java HotSpot(TM) 64-Bit Server VM (21.0.9+7-LTS-338, mixed mode, emulated-client, sharing, tiered, compressed oops, compressed class ptrs, g1 gc, windows-amd64)
# No core dump will be written. Minidumps are not enabled by default on client versions of Windows
#

---------------  S U M M A R Y ------------

Command Line: -Dcom.sun.management.jmxremote -Dcom.sun.management.jmxremote.port=50031 -Dcom.sun.management.jmxremote.authenticate=false -Dcom.sun.management.jmxremote.ssl=false -Djava.rmi.server.hostname=localhost -Dspring.jmx.enabled=true -Dmanagement.endpoints.jmx.exposure.include=* -Dspring.application.admin.enabled=true -Dspring.output.ansi.enabled=always -XX:TieredStopAtLevel=1 -Dspring.boot.project.name=SpringBootSDPBackendProject -Dfile.encoding=UTF-8 -Dstdout.encoding=UTF-8 -Dstderr.encoding=UTF-8 -XX:+ShowCodeDetailsInExceptionMessages com.klef.fsad.sdp.SpringBootSdpBackendProjectApplication

Host: Intel(R) Core(TM) i5-7300U CPU @ 2.60GHz, 4 cores, 7G,  Windows 11 , 64 bit Build 22621 (10.0.22621.5415)
Time: Thu Apr  2 09:32:01 2026 India Standard Time elapsed time: 3.772529 seconds (0d 0h 0m 3s)

---------------  T H R E A D  ---------------

Current thread (0x000001ed0cc15700):  JavaThread "background-preinit"        [_thread_in_vm, id=10420, stack(0x000000bf9e700000,0x000000bf9e800000) (1024K)]

Stack: [0x000000bf9e700000,0x000000bf9e800000]
Native frames: (J=compiled Java code, j=interpreted, Vv=VM code, C=native code)
V  [jvm.dll+0x6cbf89]
V  [jvm.dll+0x858421]
V  [jvm.dll+0x85a94e]
V  [jvm.dll+0x85b023]
V  [jvm.dll+0x27ebc6]
V  [jvm.dll+0x85403e]
V  [jvm.dll+0x66fcf5]
V  [jvm.dll+0x1e4c4c]
V  [jvm.dll+0x1e4a1e]
V  [jvm.dll+0x672623]
V  [jvm.dll+0x672442]
V  [jvm.dll+0x6706ce]
V  [jvm.dll+0x27ba46]
V  [jvm.dll+0x721965]
V  [jvm.dll+0x7224af]
V  [jvm.dll+0x3c3928]
V  [jvm.dll+0x3c37a8]
V  [jvm.dll+0x3c2a06]
V  [jvm.dll+0x3c29a8]
V  [jvm.dll+0x3d451a]
C  0x000001ecbe7f8c7f

The last pc belongs to new (printed below).
Java frames: (J=compiled Java code, j=interpreted, Vv=VM code)
j  org.springframework.http.converter.DefaultHttpMessageConverters$DefaultBuilder.detectMessageConverters()V+117
j  org.springframework.http.converter.DefaultHttpMessageConverters$DefaultClientBuilder.build()Lorg/springframework/http/converter/HttpMessageConverters;+20
j  org.springframework.http.converter.support.AllEncompassingFormHttpMessageConverter.<init>()V+15
j  org.springframework.boot.http.converter.autoconfigure.MessageConverterBackgroundPreinitializer.preinitialize()V+4
j  org.springframework.boot.autoconfigure.preinitialize.BackgroundPreinitializingApplicationListener$Runner.run()V+30
j  java.lang.Thread.runWith(Ljava/lang/Object;Ljava/lang/Runnable;)V+5 java.base@21.0.9
j  java.lang.Thread.run()V+19 java.base@21.0.9
v  ~StubRoutines::call_stub 0x000001ecbe7e100d
new  187 new  [0x000001ecbe7f8b00, 0x000001ecbe7f8d08]  520 bytes
[MachCode]
  0x000001ecbe7f8b00: 4883 ec08 | c5fa 1104 | 24eb 1f48 | 83ec 10c5 | fb11 0424 | eb14 4883 | ec10 4889 | 0424 48c7 
  0x000001ecbe7f8b20: 4424 0800 | 0000 00eb | 0150 410f | b755 010f | cac1 ea10 | 488b 4de8 | 488b 4908 | 488b 4908 
  0x000001ecbe7f8b40: 488b 4108 | 807c 1004 | 070f 85d3 | 0000 0066 | 8b54 d148 | 488b 4928 | 488b 4cd1 | 0851 80b9 
  0x000001ecbe7f8b60: 2101 0000 | 040f 85b6 | 0000 008b | 5108 f6c2 | 010f 85aa | 0000 0049 | 8b87 b801 | 0000 488d 
  0x000001ecbe7f8b80: 1c10 493b | 9fc8 0100 | 000f 8792 | 0000 0049 | 899f b801 | 0000 4883 | ea10 0f84 | 0f00 0000 
  0x000001ecbe7f8ba0: 33c9 c1ea | 0348 894c | d008 48ff | ca75 f648 | c700 0100 | 0000 5933 | f689 700c | 49ba 0000 
  0x000001ecbe7f8bc0: 00c7 ec01 | 0000 492b | ca89 4808 | 49ba c187 | 8b39 fb7f | 0000 4180 | 3a00 0f84 | 3c00 0000 
  0x000001ecbe7f8be0: 5048 8bc8 | 4883 ec20 | 40f6 c40f | 0f84 1900 | 0000 4883 | ec08 48b8 | d01e 3c39 | fb7f 0000 
  0x000001ecbe7f8c00: ffd0 4883 | c408 e90c | 0000 0048 | b8d0 1e3c | 39fb 7f00 | 00ff d048 | 83c4 2058 | e9cb 0000 
  0x000001ecbe7f8c20: 0059 488b | 55e8 488b | 5208 488b | 5208 450f | b745 0141 | 0fc8 41c1 | e810 e805 | 0000 00e9 
  0x000001ecbe7f8c40: a800 0000 | 488d 4424 | 084c 896d | c049 8bcf | c5f8 7749 | 89af b003 | 0000 4989 | 87a0 0300 
  0x000001ecbe7f8c60: 0048 83ec | 2040 f6c4 | 0f0f 8419 | 0000 0048 | 83ec 0848 | b890 4406 | 39fb 7f00 | 00ff d048 
  0x000001ecbe7f8c80: 83c4 08e9 | 0c00 0000 | 48b8 9044 | 0639 fb7f | 0000 ffd0 | 4883 c420 | 49c7 87a0 | 0300 0000 
  0x000001ecbe7f8ca0: 0000 0049 | c787 b003 | 0000 0000 | 0000 49c7 | 87a8 0300 | 0000 0000 | 00c5 f877 | 4983 7f08 
  0x000001ecbe7f8cc0: 000f 8405 | 0000 00e9 | 3482 feff | 498b 87f8 | 0300 0049 | c787 f803 | 0000 0000 | 0000 4c8b 
  0x000001ecbe7f8ce0: 6dc0 4c8b | 75c8 4e8d | 74f5 00c3 | 410f b65d | 0349 83c5 | 0349 ba80 | 4b8e 39fb | 7f00 0041 
  0x000001ecbe7f8d00: ff24 da0f | 1f44 0000 
[/MachCode]

---------------  P R O C E S S  ---------------

Threads class SMR info:
_java_thread_list=0x000001ed0cd5f400, length=22, elements={
0x000001ecb4b6ac30, 0x000001ecc6a581d0, 0x000001ecc6a596e0, 0x000001ecc6a5b5c0,
0x000001ecc6a5d190, 0x000001ecc6a5e670, 0x000001ecc6a60b60, 0x000001ecc6a656f0,
0x000001ecc6a303b0, 0x000001ecc6ca4e70, 0x000001ecc6cb1900, 0x000001ed0c2aff00,
0x000001ed0c350590, 0x000001ed0c358670, 0x000001ed0c39c860, 0x000001ed0c40abe0,
0x000001ed0c3f2950, 0x000001ed0c3f2fc0, 0x000001ed0c461af0, 0x000001ed0cc13630,
0x000001ed0cc15070, 0x000001ed0cc15700
}

Java Threads: ( => current thread )
  0x000001ecb4b6ac30 JavaThread "main"                              [_thread_blocked, id=2492, stack(0x000000bf9c800000,0x000000bf9c900000) (1024K)]
  0x000001ecc6a581d0 JavaThread "Reference Handler"          daemon [_thread_blocked, id=8724, stack(0x000000bf9d000000,0x000000bf9d100000) (1024K)]
  0x000001ecc6a596e0 JavaThread "Finalizer"                  daemon [_thread_blocked, id=5640, stack(0x000000bf9d100000,0x000000bf9d200000) (1024K)]
  0x000001ecc6a5b5c0 JavaThread "Signal Dispatcher"          daemon [_thread_blocked, id=11392, stack(0x000000bf9d200000,0x000000bf9d300000) (1024K)]
  0x000001ecc6a5d190 JavaThread "Attach Listener"            daemon [_thread_blocked, id=9736, stack(0x000000bf9d300000,0x000000bf9d400000) (1024K)]
  0x000001ecc6a5e670 JavaThread "Service Thread"             daemon [_thread_blocked, id=7216, stack(0x000000bf9d400000,0x000000bf9d500000) (1024K)]
  0x000001ecc6a60b60 JavaThread "Monitor Deflation Thread"   daemon [_thread_blocked, id=7516, stack(0x000000bf9d500000,0x000000bf9d600000) (1024K)]
  0x000001ecc6a656f0 JavaThread "C1 CompilerThread0"         daemon [_thread_blocked, id=12576, stack(0x000000bf9d600000,0x000000bf9d700000) (1024K)]
  0x000001ecc6a303b0 JavaThread "C1 CompilerThread1"         daemon [_thread_blocked, id=612, stack(0x000000bf9d700000,0x000000bf9d800000) (1024K)]
  0x000001ecc6ca4e70 JavaThread "Notification Thread"        daemon [_thread_blocked, id=136, stack(0x000000bf9d800000,0x000000bf9d900000) (1024K)]
  0x000001ecc6cb1900 JavaThread "Common-Cleaner"             daemon [_thread_blocked, id=252, stack(0x000000bf9d900000,0x000000bf9da00000) (1024K)]
  0x000001ed0c2aff00 JavaThread "C1 CompilerThread2"         daemon [_thread_blocked, id=264, stack(0x000000bf9da00000,0x000000bf9db00000) (1024K)]
  0x000001ed0c350590 JavaThread "RMI TCP Accept-0"           daemon [_thread_in_native, id=5688, stack(0x000000bf9de00000,0x000000bf9df00000) (1024K)]
  0x000001ed0c358670 JavaThread "RMI TCP Accept-50031"       daemon [_thread_in_native, id=7120, stack(0x000000bf9df00000,0x000000bf9e000000) (1024K)]
  0x000001ed0c39c860 JavaThread "RMI TCP Accept-0"           daemon [_thread_in_native, id=7592, stack(0x000000bf9e000000,0x000000bf9e100000) (1024K)]
  0x000001ed0c40abe0 JavaThread "RMI TCP Connection(1)-127.0.0.1" daemon [_thread_in_native, id=14164, stack(0x000000bf9e100000,0x000000bf9e200000) (1024K)]
  0x000001ed0c3f2950 JavaThread "RMI Scheduler(0)"           daemon [_thread_blocked, id=11700, stack(0x000000bf9e200000,0x000000bf9e300000) (1024K)]
  0x000001ed0c3f2fc0 JavaThread "RMI TCP Connection(2)-127.0.0.1" daemon [_thread_in_native, id=7412, stack(0x000000bf9e300000,0x000000bf9e400000) (1024K)]
  0x000001ed0c461af0 JavaThread "JMX server connection timeout 30" daemon [_thread_blocked, id=6320, stack(0x000000bf9e400000,0x000000bf9e500000) (1024K)]
  0x000001ed0cc13630 JavaThread "Thread-0"                          [_thread_blocked, id=1956, stack(0x000000bf9e500000,0x000000bf9e600000) (1024K)]
  0x000001ed0cc15070 JavaThread "restartedMain"                     [_thread_in_vm, id=13068, stack(0x000000bf9e600000,0x000000bf9e700000) (1024K)]
=>0x000001ed0cc15700 JavaThread "background-preinit"                [_thread_in_vm, id=10420, stack(0x000000bf9e700000,0x000000bf9e800000) (1024K)]
Total: 22

Other Threads:
  0x000001ecc6a3d660 VMThread "VM Thread"                           [id=10392, stack(0x000000bf9cf00000,0x000000bf9d000000) (1024K)]
  0x000001ecc6a2ec80 WatcherThread "VM Periodic Task Thread"        [id=7312, stack(0x000000bf9ce00000,0x000000bf9cf00000) (1024K)]
  0x000001ecb4bc0f90 WorkerThread "GC Thread#0"                     [id=12032, stack(0x000000bf9c900000,0x000000bf9ca00000) (1024K)]
  0x000001ed0c2e2960 WorkerThread "GC Thread#1"                     [id=244, stack(0x000000bf9db00000,0x000000bf9dc00000) (1024K)]
  0x000001ed0c2e2d10 WorkerThread "GC Thread#2"                     [id=10800, stack(0x000000bf9dc00000,0x000000bf9dd00000) (1024K)]
  0x000001ed0c2f9490 WorkerThread "GC Thread#3"                     [id=4248, stack(0x000000bf9dd00000,0x000000bf9de00000) (1024K)]
  0x000001ecb4bd2410 ConcurrentGCThread "G1 Main Marker"            [id=6216, stack(0x000000bf9ca00000,0x000000bf9cb00000) (1024K)]
  0x000001ecb4bd2e20 WorkerThread "G1 Conc#0"                       [id=13672, stack(0x000000bf9cb00000,0x000000bf9cc00000) (1024K)]
  0x000001ecb4c1e2b0 ConcurrentGCThread "G1 Refine#0"               [id=8880, stack(0x000000bf9cc00000,0x000000bf9cd00000) (1024K)]
  0x000001ecc68ef550 ConcurrentGCThread "G1 Service"                [id=14008, stack(0x000000bf9cd00000,0x000000bf9ce00000) (1024K)]
Total: 10

Threads with active compile tasks:
Total: 0

VM state: not at safepoint (normal execution)

VM Mutex/Monitor currently owned by a thread:  ([mutex/lock_event])
[0x00007ffb398cedf0] Metaspace_lock - owner thread: 0x000001ed0cc15700

Heap address: 0x0000000081e00000, size: 2018 MB, Compressed Oops mode: 32-bit

CDS archive(s) mapped at: [0x000001ecc7000000-0x000001ecc7c90000-0x000001ecc7c90000), size 13172736, SharedBaseAddress: 0x000001ecc7000000, ArchiveRelocationMode: 1.
Compressed class space mapped at: 0x000001ecc8000000-0x000001ed08000000, reserved size: 1073741824
Narrow klass base: 0x000001ecc7000000, Narrow klass shift: 0, Narrow klass range: 0x100000000

GC Precious Log:
 CardTable entry size: 512
 Card Set container configuration: InlinePtr #cards 5 size 8 Array Of Cards #cards 12 size 40 Howl #buckets 4 coarsen threshold 1843 Howl Bitmap #cards 512 size 80 coarsen threshold 460 Card regions per heap region 1 cards per card region 2048
 CPUs: 4 total, 4 available
 Memory: 8067M
 Large Page Support: Disabled
 NUMA Support: Disabled
 Compressed Oops: Enabled (32-bit)
 Heap Region Size: 1M
 Heap Min Capacity: 8M
 Heap Initial Capacity: 128M
 Heap Max Capacity: 2018M
 Pre-touch: Disabled
 Parallel Workers: 4
 Concurrent Workers: 1
 Concurrent Refinement Workers: 4
 Periodic GC: Disabled

Heap:
 garbage-first heap   total 131072K, used 41025K [0x0000000081e00000, 0x0000000100000000)
  region size 1024K, 35 young (35840K), 4 survivors (4096K)
 Metaspace       used 20712K, committed 21184K, reserved 1114112K
  class space    used 2727K, committed 2944K, reserved 1048576K

Heap Regions: E=young(eden), S=young(survivor), O=old, HS=humongous(starts), HC=humongous(continues), CS=collection set, F=free, TAMS=top-at-mark-start, PB=parsable bottom
|   0|0x0000000081e00000, 0x0000000081f00000, 0x0000000081f00000|100%|HS|  |TAMS 0x0000000081e00000| PB 0x0000000081e00000| Complete 
|   1|0x0000000081f00000, 0x0000000082000000, 0x0000000082000000|100%|HS|  |TAMS 0x0000000081f00000| PB 0x0000000081f00000| Complete 
|   2|0x0000000082000000, 0x0000000082100000, 0x0000000082100000|100%| O|  |TAMS 0x0000000082000000| PB 0x0000000082000000| Untracked 
|   3|0x0000000082100000, 0x0000000082200000, 0x0000000082200000|100%| O|  |TAMS 0x0000000082100000| PB 0x0000000082100000| Untracked 
|   4|0x0000000082200000, 0x0000000082300000, 0x0000000082300000|100%| O|  |TAMS 0x0000000082200000| PB 0x0000000082200000| Untracked 
|   5|0x0000000082300000, 0x0000000082400000, 0x0000000082400000|100%| O|  |TAMS 0x0000000082300000| PB 0x0000000082300000| Untracked 
|   6|0x0000000082400000, 0x0000000082500000, 0x0000000082500000|100%| O|  |TAMS 0x0000000082400000| PB 0x0000000082400000| Untracked 
|   7|0x0000000082500000, 0x000000008252cb18, 0x0000000082600000| 17%| O|  |TAMS 0x0000000082500000| PB 0x0000000082500000| Untracked 
|   8|0x0000000082600000, 0x0000000082600000, 0x0000000082700000|  0%| F|  |TAMS 0x0000000082600000| PB 0x0000000082600000| Untracked 
|   9|0x0000000082700000, 0x0000000082700000, 0x0000000082800000|  0%| F|  |TAMS 0x0000000082700000| PB 0x0000000082700000| Untracked 
|  10|0x0000000082800000, 0x0000000082800000, 0x0000000082900000|  0%| F|  |TAMS 0x0000000082800000| PB 0x0000000082800000| Untracked 
|  11|0x0000000082900000, 0x0000000082900000, 0x0000000082a00000|  0%| F|  |TAMS 0x0000000082900000| PB 0x0000000082900000| Untracked 
|  12|0x0000000082a00000, 0x0000000082a00000, 0x0000000082b00000|  0%| F|  |TAMS 0x0000000082a00000| PB 0x0000000082a00000| Untracked 
|  13|0x0000000082b00000, 0x0000000082b00000, 0x0000000082c00000|  0%| F|  |TAMS 0x0000000082b00000| PB 0x0000000082b00000| Untracked 
|  14|0x0000000082c00000, 0x0000000082c00000, 0x0000000082d00000|  0%| F|  |TAMS 0x0000000082c00000| PB 0x0000000082c00000| Untracked 
|  15|0x0000000082d00000, 0x0000000082d00000, 0x0000000082e00000|  0%| F|  |TAMS 0x0000000082d00000| PB 0x0000000082d00000| Untracked 
|  16|0x0000000082e00000, 0x0000000082e00000, 0x0000000082f00000|  0%| F|  |TAMS 0x0000000082e00000| PB 0x0000000082e00000| Untracked 
|  17|0x0000000082f00000, 0x0000000082f00000, 0x0000000083000000|  0%| F|  |TAMS 0x0000000082f00000| PB 0x0000000082f00000| Untracked 
|  18|0x0000000083000000, 0x0000000083000000, 0x0000000083100000|  0%| F|  |TAMS 0x0000000083000000| PB 0x0000000083000000| Untracked 
|  19|0x0000000083100000, 0x0000000083100000, 0x0000000083200000|  0%| F|  |TAMS 0x0000000083100000| PB 0x0000000083100000| Untracked 
|  20|0x0000000083200000, 0x0000000083200000, 0x0000000083300000|  0%| F|  |TAMS 0x0000000083200000| PB 0x0000000083200000| Untracked 
|  21|0x0000000083300000, 0x0000000083300000, 0x0000000083400000|  0%| F|  |TAMS 0x0000000083300000| PB 0x0000000083300000| Untracked 
|  22|0x0000000083400000, 0x0000000083400000, 0x0000000083500000|  0%| F|  |TAMS 0x0000000083400000| PB 0x0000000083400000| Untracked 
|  23|0x0000000083500000, 0x0000000083500000, 0x0000000083600000|  0%| F|  |TAMS 0x0000000083500000| PB 0x0000000083500000| Untracked 
|  24|0x0000000083600000, 0x0000000083600000, 0x0000000083700000|  0%| F|  |TAMS 0x0000000083600000| PB 0x0000000083600000| Untracked 
|  25|0x0000000083700000, 0x0000000083700000, 0x0000000083800000|  0%| F|  |TAMS 0x0000000083700000| PB 0x0000000083700000| Untracked 
|  26|0x0000000083800000, 0x0000000083800000, 0x0000000083900000|  0%| F|  |TAMS 0x0000000083800000| PB 0x0000000083800000| Untracked 
|  27|0x0000000083900000, 0x0000000083900000, 0x0000000083a00000|  0%| F|  |TAMS 0x0000000083900000| PB 0x0000000083900000| Untracked 
|  28|0x0000000083a00000, 0x0000000083a00000, 0x0000000083b00000|  0%| F|  |TAMS 0x0000000083a00000| PB 0x0000000083a00000| Untracked 
|  29|0x0000000083b00000, 0x0000000083b00000, 0x0000000083c00000|  0%| F|  |TAMS 0x0000000083b00000| PB 0x0000000083b00000| Untracked 
|  30|0x0000000083c00000, 0x0000000083c00000, 0x0000000083d00000|  0%| F|  |TAMS 0x0000000083c00000| PB 0x0000000083c00000| Untracked 
|  31|0x0000000083d00000, 0x0000000083d00000, 0x0000000083e00000|  0%| F|  |TAMS 0x0000000083d00000| PB 0x0000000083d00000| Untracked 
|  32|0x0000000083e00000, 0x0000000083e00000, 0x0000000083f00000|  0%| F|  |TAMS 0x0000000083e00000| PB 0x0000000083e00000| Untracked 
|  33|0x0000000083f00000, 0x0000000083f00000, 0x0000000084000000|  0%| F|  |TAMS 0x0000000083f00000| PB 0x0000000083f00000| Untracked 
|  34|0x0000000084000000, 0x0000000084000000, 0x0000000084100000|  0%| F|  |TAMS 0x0000000084000000| PB 0x0000000084000000| Untracked 
|  35|0x0000000084100000, 0x0000000084100000, 0x0000000084200000|  0%| F|  |TAMS 0x0000000084100000| PB 0x0000000084100000| Untracked 
|  36|0x0000000084200000, 0x0000000084200000, 0x0000000084300000|  0%| F|  |TAMS 0x0000000084200000| PB 0x0000000084200000| Untracked 
|  37|0x0000000084300000, 0x0000000084300000, 0x0000000084400000|  0%| F|  |TAMS 0x0000000084300000| PB 0x0000000084300000| Untracked 
|  38|0x0000000084400000, 0x0000000084400000, 0x0000000084500000|  0%| F|  |TAMS 0x0000000084400000| PB 0x0000000084400000| Untracked 
|  39|0x0000000084500000, 0x0000000084500000, 0x0000000084600000|  0%| F|  |TAMS 0x0000000084500000| PB 0x0000000084500000| Untracked 
|  40|0x0000000084600000, 0x0000000084600000, 0x0000000084700000|  0%| F|  |TAMS 0x0000000084600000| PB 0x0000000084600000| Untracked 
|  41|0x0000000084700000, 0x0000000084700000, 0x0000000084800000|  0%| F|  |TAMS 0x0000000084700000| PB 0x0000000084700000| Untracked 
|  42|0x0000000084800000, 0x0000000084800000, 0x0000000084900000|  0%| F|  |TAMS 0x0000000084800000| PB 0x0000000084800000| Untracked 
|  43|0x0000000084900000, 0x0000000084900000, 0x0000000084a00000|  0%| F|  |TAMS 0x0000000084900000| PB 0x0000000084900000| Untracked 
|  44|0x0000000084a00000, 0x0000000084a00000, 0x0000000084b00000|  0%| F|  |TAMS 0x0000000084a00000| PB 0x0000000084a00000| Untracked 
|  45|0x0000000084b00000, 0x0000000084b00000, 0x0000000084c00000|  0%| F|  |TAMS 0x0000000084b00000| PB 0x0000000084b00000| Untracked 
|  46|0x0000000084c00000, 0x0000000084c00000, 0x0000000084d00000|  0%| F|  |TAMS 0x0000000084c00000| PB 0x0000000084c00000| Untracked 
|  47|0x0000000084d00000, 0x0000000084d00000, 0x0000000084e00000|  0%| F|  |TAMS 0x0000000084d00000| PB 0x0000000084d00000| Untracked 
|  48|0x0000000084e00000, 0x0000000084e00000, 0x0000000084f00000|  0%| F|  |TAMS 0x0000000084e00000| PB 0x0000000084e00000| Untracked 
|  49|0x0000000084f00000, 0x0000000084f00000, 0x0000000085000000|  0%| F|  |TAMS 0x0000000084f00000| PB 0x0000000084f00000| Untracked 
|  50|0x0000000085000000, 0x0000000085000000, 0x0000000085100000|  0%| F|  |TAMS 0x0000000085000000| PB 0x0000000085000000| Untracked 
|  51|0x0000000085100000, 0x0000000085100000, 0x0000000085200000|  0%| F|  |TAMS 0x0000000085100000| PB 0x0000000085100000| Untracked 
|  52|0x0000000085200000, 0x0000000085200000, 0x0000000085300000|  0%| F|  |TAMS 0x0000000085200000| PB 0x0000000085200000| Untracked 
|  53|0x0000000085300000, 0x0000000085300000, 0x0000000085400000|  0%| F|  |TAMS 0x0000000085300000| PB 0x0000000085300000| Untracked 
|  54|0x0000000085400000, 0x0000000085400000, 0x0000000085500000|  0%| F|  |TAMS 0x0000000085400000| PB 0x0000000085400000| Untracked 
|  55|0x0000000085500000, 0x0000000085500000, 0x0000000085600000|  0%| F|  |TAMS 0x0000000085500000| PB 0x0000000085500000| Untracked 
|  56|0x0000000085600000, 0x0000000085600000, 0x0000000085700000|  0%| F|  |TAMS 0x0000000085600000| PB 0x0000000085600000| Untracked 
|  57|0x0000000085700000, 0x0000000085700000, 0x0000000085800000|  0%| F|  |TAMS 0x0000000085700000| PB 0x0000000085700000| Untracked 
|  58|0x0000000085800000, 0x0000000085800000, 0x0000000085900000|  0%| F|  |TAMS 0x0000000085800000| PB 0x0000000085800000| Untracked 
|  59|0x0000000085900000, 0x0000000085900000, 0x0000000085a00000|  0%| F|  |TAMS 0x0000000085900000| PB 0x0000000085900000| Untracked 
|  60|0x0000000085a00000, 0x0000000085a00000, 0x0000000085b00000|  0%| F|  |TAMS 0x0000000085a00000| PB 0x0000000085a00000| Untracked 
|  61|0x0000000085b00000, 0x0000000085b00000, 0x0000000085c00000|  0%| F|  |TAMS 0x0000000085b00000| PB 0x0000000085b00000| Untracked 
|  62|0x0000000085c00000, 0x0000000085c00000, 0x0000000085d00000|  0%| F|  |TAMS 0x0000000085c00000| PB 0x0000000085c00000| Untracked 
|  63|0x0000000085d00000, 0x0000000085d00000, 0x0000000085e00000|  0%| F|  |TAMS 0x0000000085d00000| PB 0x0000000085d00000| Untracked 
|  64|0x0000000085e00000, 0x0000000085e00000, 0x0000000085f00000|  0%| F|  |TAMS 0x0000000085e00000| PB 0x0000000085e00000| Untracked 
|  65|0x0000000085f00000, 0x0000000085f00000, 0x0000000086000000|  0%| F|  |TAMS 0x0000000085f00000| PB 0x0000000085f00000| Untracked 
|  66|0x0000000086000000, 0x0000000086000000, 0x0000000086100000|  0%| F|  |TAMS 0x0000000086000000| PB 0x0000000086000000| Untracked 
|  67|0x0000000086100000, 0x0000000086100000, 0x0000000086200000|  0%| F|  |TAMS 0x0000000086100000| PB 0x0000000086100000| Untracked 
|  68|0x0000000086200000, 0x0000000086200000, 0x0000000086300000|  0%| F|  |TAMS 0x0000000086200000| PB 0x0000000086200000| Untracked 
|  69|0x0000000086300000, 0x0000000086300000, 0x0000000086400000|  0%| F|  |TAMS 0x0000000086300000| PB 0x0000000086300000| Untracked 
|  70|0x0000000086400000, 0x0000000086400000, 0x0000000086500000|  0%| F|  |TAMS 0x0000000086400000| PB 0x0000000086400000| Untracked 
|  71|0x0000000086500000, 0x0000000086500000, 0x0000000086600000|  0%| F|  |TAMS 0x0000000086500000| PB 0x0000000086500000| Untracked 
|  72|0x0000000086600000, 0x0000000086600000, 0x0000000086700000|  0%| F|  |TAMS 0x0000000086600000| PB 0x0000000086600000| Untracked 
|  73|0x0000000086700000, 0x0000000086700000, 0x0000000086800000|  0%| F|  |TAMS 0x0000000086700000| PB 0x0000000086700000| Untracked 
|  74|0x0000000086800000, 0x0000000086800000, 0x0000000086900000|  0%| F|  |TAMS 0x0000000086800000| PB 0x0000000086800000| Untracked 
|  75|0x0000000086900000, 0x0000000086900000, 0x0000000086a00000|  0%| F|  |TAMS 0x0000000086900000| PB 0x0000000086900000| Untracked 
|  76|0x0000000086a00000, 0x0000000086a00000, 0x0000000086b00000|  0%| F|  |TAMS 0x0000000086a00000| PB 0x0000000086a00000| Untracked 
|  77|0x0000000086b00000, 0x0000000086b00000, 0x0000000086c00000|  0%| F|  |TAMS 0x0000000086b00000| PB 0x0000000086b00000| Untracked 
|  78|0x0000000086c00000, 0x0000000086c00000, 0x0000000086d00000|  0%| F|  |TAMS 0x0000000086c00000| PB 0x0000000086c00000| Untracked 
|  79|0x0000000086d00000, 0x0000000086d00000, 0x0000000086e00000|  0%| F|  |TAMS 0x0000000086d00000| PB 0x0000000086d00000| Untracked 
|  80|0x0000000086e00000, 0x0000000086e00000, 0x0000000086f00000|  0%| F|  |TAMS 0x0000000086e00000| PB 0x0000000086e00000| Untracked 
|  81|0x0000000086f00000, 0x0000000086f00000, 0x0000000087000000|  0%| F|  |TAMS 0x0000000086f00000| PB 0x0000000086f00000| Untracked 
|  82|0x0000000087000000, 0x0000000087000000, 0x0000000087100000|  0%| F|  |TAMS 0x0000000087000000| PB 0x0000000087000000| Untracked 
|  83|0x0000000087100000, 0x0000000087100000, 0x0000000087200000|  0%| F|  |TAMS 0x0000000087100000| PB 0x0000000087100000| Untracked 
|  84|0x0000000087200000, 0x0000000087200000, 0x0000000087300000|  0%| F|  |TAMS 0x0000000087200000| PB 0x0000000087200000| Untracked 
|  85|0x0000000087300000, 0x0000000087300000, 0x0000000087400000|  0%| F|  |TAMS 0x0000000087300000| PB 0x0000000087300000| Untracked 
|  86|0x0000000087400000, 0x0000000087400000, 0x0000000087500000|  0%| F|  |TAMS 0x0000000087400000| PB 0x0000000087400000| Untracked 
|  87|0x0000000087500000, 0x0000000087500000, 0x0000000087600000|  0%| F|  |TAMS 0x0000000087500000| PB 0x0000000087500000| Untracked 
|  88|0x0000000087600000, 0x0000000087600000, 0x0000000087700000|  0%| F|  |TAMS 0x0000000087600000| PB 0x0000000087600000| Untracked 
|  89|0x0000000087700000, 0x0000000087700000, 0x0000000087800000|  0%| F|  |TAMS 0x0000000087700000| PB 0x0000000087700000| Untracked 
|  90|0x0000000087800000, 0x0000000087800000, 0x0000000087900000|  0%| F|  |TAMS 0x0000000087800000| PB 0x0000000087800000| Untracked 
|  91|0x0000000087900000, 0x0000000087900000, 0x0000000087a00000|  0%| F|  |TAMS 0x0000000087900000| PB 0x0000000087900000| Untracked 
|  92|0x0000000087a00000, 0x0000000087a00000, 0x0000000087b00000|  0%| F|  |TAMS 0x0000000087a00000| PB 0x0000000087a00000| Untracked 
|  93|0x0000000087b00000, 0x0000000087c00000, 0x0000000087c00000|100%| E|  |TAMS 0x0000000087b00000| PB 0x0000000087b00000| Complete 
|  94|0x0000000087c00000, 0x0000000087d00000, 0x0000000087d00000|100%| E|CS|TAMS 0x0000000087c00000| PB 0x0000000087c00000| Complete 
|  95|0x0000000087d00000, 0x0000000087e00000, 0x0000000087e00000|100%| E|CS|TAMS 0x0000000087d00000| PB 0x0000000087d00000| Complete 
|  96|0x0000000087e00000, 0x0000000087ee39e0, 0x0000000087f00000| 88%| S|CS|TAMS 0x0000000087e00000| PB 0x0000000087e00000| Complete 
|  97|0x0000000087f00000, 0x0000000088000000, 0x0000000088000000|100%| S|CS|TAMS 0x0000000087f00000| PB 0x0000000087f00000| Complete 
|  98|0x0000000088000000, 0x0000000088100000, 0x0000000088100000|100%| S|CS|TAMS 0x0000000088000000| PB 0x0000000088000000| Complete 
|  99|0x0000000088100000, 0x0000000088200000, 0x0000000088200000|100%| S|CS|TAMS 0x0000000088100000| PB 0x0000000088100000| Complete 
| 100|0x0000000088200000, 0x0000000088300000, 0x0000000088300000|100%| E|CS|TAMS 0x0000000088200000| PB 0x0000000088200000| Complete 
| 101|0x0000000088300000, 0x0000000088400000, 0x0000000088400000|100%| E|CS|TAMS 0x0000000088300000| PB 0x0000000088300000| Complete 
| 102|0x0000000088400000, 0x0000000088500000, 0x0000000088500000|100%| E|CS|TAMS 0x0000000088400000| PB 0x0000000088400000| Complete 
| 103|0x0000000088500000, 0x0000000088600000, 0x0000000088600000|100%| E|CS|TAMS 0x0000000088500000| PB 0x0000000088500000| Complete 
| 104|0x0000000088600000, 0x0000000088700000, 0x0000000088700000|100%| E|CS|TAMS 0x0000000088600000| PB 0x0000000088600000| Complete 
| 105|0x0000000088700000, 0x0000000088800000, 0x0000000088800000|100%| E|CS|TAMS 0x0000000088700000| PB 0x0000000088700000| Complete 
| 106|0x0000000088800000, 0x0000000088900000, 0x0000000088900000|100%| E|  |TAMS 0x0000000088800000| PB 0x0000000088800000| Complete 
| 107|0x0000000088900000, 0x0000000088a00000, 0x0000000088a00000|100%| E|CS|TAMS 0x0000000088900000| PB 0x0000000088900000| Complete 
| 108|0x0000000088a00000, 0x0000000088b00000, 0x0000000088b00000|100%| E|CS|TAMS 0x0000000088a00000| PB 0x0000000088a00000| Complete 
| 109|0x0000000088b00000, 0x0000000088c00000, 0x0000000088c00000|100%| E|CS|TAMS 0x0000000088b00000| PB 0x0000000088b00000| Complete 
| 110|0x0000000088c00000, 0x0000000088d00000, 0x0000000088d00000|100%| E|CS|TAMS 0x0000000088c00000| PB 0x0000000088c00000| Complete 
| 111|0x0000000088d00000, 0x0000000088e00000, 0x0000000088e00000|100%| E|CS|TAMS 0x0000000088d00000| PB 0x0000000088d00000| Complete 
| 112|0x0000000088e00000, 0x0000000088f00000, 0x0000000088f00000|100%| E|CS|TAMS 0x0000000088e00000| PB 0x0000000088e00000| Complete 
| 113|0x0000000088f00000, 0x0000000089000000, 0x0000000089000000|100%| E|CS|TAMS 0x0000000088f00000| PB 0x0000000088f00000| Complete 
| 114|0x0000000089000000, 0x0000000089100000, 0x0000000089100000|100%| E|CS|TAMS 0x0000000089000000| PB 0x0000000089000000| Complete 
| 115|0x0000000089100000, 0x0000000089200000, 0x0000000089200000|100%| E|CS|TAMS 0x0000000089100000| PB 0x0000000089100000| Complete 
| 116|0x0000000089200000, 0x0000000089300000, 0x0000000089300000|100%| E|CS|TAMS 0x0000000089200000| PB 0x0000000089200000| Complete 
| 117|0x0000000089300000, 0x0000000089400000, 0x0000000089400000|100%| E|CS|TAMS 0x0000000089300000| PB 0x0000000089300000| Complete 
| 118|0x0000000089400000, 0x0000000089500000, 0x0000000089500000|100%| E|CS|TAMS 0x0000000089400000| PB 0x0000000089400000| Complete 
| 119|0x0000000089500000, 0x0000000089600000, 0x0000000089600000|100%| E|CS|TAMS 0x0000000089500000| PB 0x0000000089500000| Complete 
| 120|0x0000000089600000, 0x0000000089700000, 0x0000000089700000|100%| E|CS|TAMS 0x0000000089600000| PB 0x0000000089600000| Complete 
| 121|0x0000000089700000, 0x0000000089800000, 0x0000000089800000|100%| E|CS|TAMS 0x0000000089700000| PB 0x0000000089700000| Complete 
| 122|0x0000000089800000, 0x0000000089900000, 0x0000000089900000|100%| E|CS|TAMS 0x0000000089800000| PB 0x0000000089800000| Complete 
| 123|0x0000000089900000, 0x0000000089a00000, 0x0000000089a00000|100%| E|CS|TAMS 0x0000000089900000| PB 0x0000000089900000| Complete 
| 124|0x0000000089a00000, 0x0000000089b00000, 0x0000000089b00000|100%| E|CS|TAMS 0x0000000089a00000| PB 0x0000000089a00000| Complete 
| 125|0x0000000089b00000, 0x0000000089c00000, 0x0000000089c00000|100%| E|CS|TAMS 0x0000000089b00000| PB 0x0000000089b00000| Complete 
| 126|0x0000000089c00000, 0x0000000089d00000, 0x0000000089d00000|100%| E|CS|TAMS 0x0000000089c00000| PB 0x0000000089c00000| Complete 
| 127|0x0000000089d00000, 0x0000000089e00000, 0x0000000089e00000|100%| E|CS|TAMS 0x0000000089d00000| PB 0x0000000089d00000| Complete 

Card table byte_map: [0x000001ecc2090000,0x000001ecc2490000] _byte_map_base: 0x000001ecc1c81000

Marking Bits: (CMBitMap*) 0x000001ecb4bc15a0
 Bits: [0x000001ecc2490000, 0x000001ecc4418000)

Polling page: 0x000001ecb4c20000

Metaspace:

Usage:
  Non-class:     17.56 MB used.
      Class:      2.66 MB used.
       Both:     20.23 MB used.

Virtual space:
  Non-class space:       64.00 MB reserved,      17.81 MB ( 28%) committed,  1 nodes.
      Class space:        1.00 GB reserved,       2.88 MB ( <1%) committed,  1 nodes.
             Both:        1.06 GB reserved,      20.69 MB (  2%) committed. 

Chunk freelists:
   Non-Class:  13.48 MB
       Class:  13.09 MB
        Both:  26.58 MB

MaxMetaspaceSize: unlimited
CompressedClassSpaceSize: 1.00 GB
Initial GC threshold: 21.00 MB
Current GC threshold: 21.00 MB
CDS: on
 - commit_granule_bytes: 65536.
 - commit_granule_words: 8192.
 - virtual_space_node_default_size: 8388608.
 - enlarge_chunks_in_place: 1.
 - use_allocation_guard: 0.


Internal statistics:

num_allocs_failed_limit: 0.
num_arena_births: 558.
num_arena_deaths: 0.
num_vsnodes_births: 2.
num_vsnodes_deaths: 0.
num_space_committed: 331.
num_space_uncommitted: 0.
num_chunks_returned_to_freelist: 0.
num_chunks_taken_from_freelist: 1205.
num_chunk_merges: 0.
num_chunk_splits: 806.
num_chunks_enlarged: 541.
num_inconsistent_stats: 0.

CodeCache: size=49152Kb used=6599Kb max_used=6599Kb free=42552Kb
 bounds [0x000001ecbe7e0000, 0x000001ecbee60000, 0x000001ecc17e0000]
 total_blobs=3312 nmethods=2781 adapters=453
 compilation: enabled
              stopped_count=0, restarted_count=0
 full_count=0

Compilation events (20 events):
Event: 3.749 Thread 0x000001ecc6a303b0 2761       1       org.springframework.core.annotation.PackagesAnnotationFilter::hashCode (5 bytes)
Event: 3.749 Thread 0x000001ecc6a303b0 nmethod 2761 0x000001ecbee49a90 code [0x000001ecbee49c20, 0x000001ecbee49ce8]
Event: 3.754 Thread 0x000001ed0c2aff00 2762       1       java.security.PermissionCollection::isReadOnly (5 bytes)
Event: 3.754 Thread 0x000001ed0c2aff00 nmethod 2762 0x000001ecbee49d90 code [0x000001ecbee49f20, 0x000001ecbee49ff0]
Event: 3.754 Thread 0x000001ecc6a656f0 2763       1       java.util.concurrent.ConcurrentHashMap::<init> (73 bytes)
Event: 3.755 Thread 0x000001ecc6a656f0 nmethod 2763 0x000001ecbee4a090 code [0x000001ecbee4a280, 0x000001ecbee4a4c8]
Event: 3.757 Thread 0x000001ecc6a656f0 2764       1       jdk.internal.org.objectweb.asm.SymbolTable::addUninitializedType (103 bytes)
Event: 3.758 Thread 0x000001ecc6a303b0 2765       1       jdk.internal.org.objectweb.asm.SymbolTable::hash (12 bytes)
Event: 3.758 Thread 0x000001ecc6a303b0 nmethod 2765 0x000001ecbee4a590 code [0x000001ecbee4a740, 0x000001ecbee4a820]
Event: 3.758 Thread 0x000001ecc6a656f0 nmethod 2764 0x000001ecbee4a910 code [0x000001ecbee4ab00, 0x000001ecbee4ae50]
Event: 3.758 Thread 0x000001ecc6a303b0 2766       1       java.lang.reflect.ProxyGenerator$ProxyMethod::emitIconstInsn (75 bytes)
Event: 3.758 Thread 0x000001ecc6a303b0 nmethod 2766 0x000001ecbee4b110 code [0x000001ecbee4b300, 0x000001ecbee4b5f8]
Event: 3.764 Thread 0x000001ecc6a656f0 2767   !   1       jdk.internal.loader.AbstractClassLoaderValue::computeIfAbsent (113 bytes)
Event: 3.765 Thread 0x000001ecc6a656f0 nmethod 2767 0x000001ecbee4b710 code [0x000001ecbee4b940, 0x000001ecbee4bf48]
Event: 3.766 Thread 0x000001ecc6a656f0 2768       1       org.springframework.core.annotation.AnnotationTypeMapping$MirrorSets::resolve (126 bytes)
Event: 3.767 Thread 0x000001ecc6a656f0 nmethod 2768 0x000001ecbee4c390 code [0x000001ecbee4c560, 0x000001ecbee4c878]
Event: 3.767 Thread 0x000001ecc6a656f0 2769       1       org.springframework.core.annotation.TypeMappedAnnotation::getDistance (8 bytes)
Event: 3.768 Thread 0x000001ecc6a656f0 nmethod 2769 0x000001ecbee4cb90 code [0x000001ecbee4cd20, 0x000001ecbee4cdf0]
Event: 3.768 Thread 0x000001ecc6a656f0 2770       1       org.springframework.core.annotation.TypeMappedAnnotation::isPresent (2 bytes)
Event: 3.768 Thread 0x000001ecc6a656f0 nmethod 2770 0x000001ecbee4ce90 code [0x000001ecbee4d020, 0x000001ecbee4d0e8]

GC Heap History (6 events):
Event: 1.067 GC heap before
{Heap before GC invocations=0 (full 0):
 garbage-first heap   total 131072K, used 14336K [0x0000000081e00000, 0x0000000100000000)
  region size 1024K, 13 young (13312K), 0 survivors (0K)
 Metaspace       used 3596K, committed 3776K, reserved 1114112K
  class space    used 418K, committed 512K, reserved 1048576K
}
Event: 1.080 GC heap after
{Heap after GC invocations=1 (full 0):
 garbage-first heap   total 131072K, used 7231K [0x0000000081e00000, 0x0000000100000000)
  region size 1024K, 2 young (2048K), 2 survivors (2048K)
 Metaspace       used 3596K, committed 3776K, reserved 1114112K
  class space    used 418K, committed 512K, reserved 1048576K
}
Event: 2.111 GC heap before
{Heap before GC invocations=1 (full 0):
 garbage-first heap   total 131072K, used 20543K [0x0000000081e00000, 0x0000000100000000)
  region size 1024K, 15 young (15360K), 2 survivors (2048K)
 Metaspace       used 8493K, committed 8768K, reserved 1114112K
  class space    used 1048K, committed 1152K, reserved 1048576K
}
Event: 2.119 GC heap after
{Heap after GC invocations=2 (full 0):
 garbage-first heap   total 131072K, used 9394K [0x0000000081e00000, 0x0000000100000000)
  region size 1024K, 2 young (2048K), 2 survivors (2048K)
 Metaspace       used 8493K, committed 8768K, reserved 1114112K
  class space    used 1048K, committed 1152K, reserved 1048576K
}
Event: 2.973 GC heap before
{Heap before GC invocations=2 (full 0):
 garbage-first heap   total 131072K, used 34994K [0x0000000081e00000, 0x0000000100000000)
  region size 1024K, 28 young (28672K), 2 survivors (2048K)
 Metaspace       used 13326K, committed 13824K, reserved 1114112K
  class space    used 1811K, committed 2048K, reserved 1048576K
}
Event: 2.983 GC heap after
{Heap after GC invocations=3 (full 0):
 garbage-first heap   total 131072K, used 11329K [0x0000000081e00000, 0x0000000100000000)
  region size 1024K, 4 young (4096K), 4 survivors (4096K)
 Metaspace       used 13326K, committed 13824K, reserved 1114112K
  class space    used 1811K, committed 2048K, reserved 1048576K
}

Dll operation events (9 events):
Event: 0.013 Loaded shared library C:\Program Files\Java\jdk-21\bin\java.dll
Event: 0.317 Loaded shared library C:\Program Files\Java\jdk-21\bin\jimage.dll
Event: 0.328 Loaded shared library C:\Program Files\Java\jdk-21\bin\net.dll
Event: 0.332 Loaded shared library C:\Program Files\Java\jdk-21\bin\nio.dll
Event: 0.338 Loaded shared library C:\Program Files\Java\jdk-21\bin\zip.dll
Event: 0.481 Loaded shared library C:\Program Files\Java\jdk-21\bin\management.dll
Event: 0.511 Loaded shared library C:\Program Files\Java\jdk-21\bin\management_ext.dll
Event: 1.244 Loaded shared library C:\Program Files\Java\jdk-21\bin\extnet.dll
Event: 3.631 Loaded shared library C:\Program Files\Java\jdk-21\bin\sunmscapi.dll

Deoptimization events (0 events):
No events

Classes loaded (20 events):
Event: 3.664 Loading class sun/security/util/ByteArrayTagOrder
Event: 3.664 Loading class sun/security/util/ByteArrayTagOrder done
Event: 3.664 Loading class sun/security/util/ObjectIdentifier
Event: 3.664 Loading class sun/security/util/ObjectIdentifier done
Event: 3.671 Loading class java/security/spec/ECFieldF2m
Event: 3.671 Loading class java/security/spec/ECFieldF2m done
Event: 3.685 Loading class sun/security/ssl/SunJSSE
Event: 3.687 Loading class sun/security/ssl/SunJSSE done
Event: 3.687 Loading class com/sun/crypto/provider/SunJCE
Event: 3.689 Loading class com/sun/crypto/provider/SunJCE done
Event: 3.700 Loading class sun/security/provider/certpath/ldap/JdkLDAP
Event: 3.700 Loading class sun/security/provider/certpath/ldap/JdkLDAP done
Event: 3.701 Loading class sun/security/provider/certpath/ldap/JdkLDAP$ProviderService
Event: 3.701 Loading class sun/security/provider/certpath/ldap/JdkLDAP$ProviderService done
Event: 3.701 Loading class com/sun/security/sasl/Provider
Event: 3.701 Loading class com/sun/security/sasl/Provider done
Event: 3.701 Loading class com/sun/security/sasl/Provider$1
Event: 3.702 Loading class com/sun/security/sasl/Provider$1 done
Event: 3.702 Loading class com/sun/security/sasl/Provider$ProviderService
Event: 3.702 Loading class com/sun/security/sasl/Provider$ProviderService done

Classes unloaded (0 events):
No events

Classes redefined (0 events):
No events

Internal exceptions (20 events):
Event: 2.692 Thread 0x000001ed0cc15070 Exception <a 'java/lang/NoSuchMethodError'{0x00000000889af430}: 'java.lang.Object java.lang.invoke.DirectMethodHandle$Holder.newInvokeSpecial(java.lang.Object, java.lang.Object, java.lang.Object, int, java.lang.Object)'> (0x00000000889af430) 
thrown [s\open\src\hotspot\share\interpreter\linkResolver.cpp, line 773]
Event: 2.693 Thread 0x000001ed0cc15070 Exception <a 'java/lang/NoSuchMethodError'{0x00000000889b68c8}: 'java.lang.Object java.lang.invoke.Invokers$Holder.linkToTargetMethod(java.lang.Object, java.lang.Object, int, java.lang.Object, java.lang.Object)'> (0x00000000889b68c8) 
thrown [s\open\src\hotspot\share\interpreter\linkResolver.cpp, line 773]
Event: 2.694 Thread 0x000001ed0cc15070 Exception <a 'java/lang/NoSuchMethodError'{0x00000000889c5f18}: 'java.lang.Object java.lang.invoke.DirectMethodHandle$Holder.newInvokeSpecial(java.lang.Object, int, java.lang.Object)'> (0x00000000889c5f18) 
thrown [s\open\src\hotspot\share\interpreter\linkResolver.cpp, line 773]
Event: 2.694 Thread 0x000001ed0cc15070 Exception <a 'java/lang/NoSuchMethodError'{0x00000000889c9988}: 'int java.lang.invoke.DirectMethodHandle$Holder.invokeSpecialIFC(java.lang.Object, java.lang.Object, java.lang.Object, java.lang.Object)'> (0x00000000889c9988) 
thrown [s\open\src\hotspot\share\interpreter\linkResolver.cpp, line 773]
Event: 2.727 Thread 0x000001ed0cc15070 Exception <a 'java/lang/NoSuchMethodError'{0x0000000088870530}: 'void java.lang.invoke.DirectMethodHandle$Holder.invokeInterface(java.lang.Object, java.lang.Object, java.lang.Object)'> (0x0000000088870530) 
thrown [s\open\src\hotspot\share\interpreter\linkResolver.cpp, line 773]
Event: 2.755 Thread 0x000001ed0cc15070 Exception <a 'java/lang/NoSuchMethodError'{0x000000008870ca70}: 'java.lang.Object java.lang.invoke.DirectMethodHandle$Holder.invokeVirtual(java.lang.Object, java.lang.Object, java.lang.Object)'> (0x000000008870ca70) 
thrown [s\open\src\hotspot\share\interpreter\linkResolver.cpp, line 773]
Event: 2.792 Thread 0x000001ed0cc15070 Exception <a 'java/lang/NoSuchMethodError'{0x00000000886002f0}: 'void java.lang.invoke.DirectMethodHandle$Holder.invokeStatic(java.lang.Object, java.lang.Object, int)'> (0x00000000886002f0) 
thrown [s\open\src\hotspot\share\interpreter\linkResolver.cpp, line 773]
Event: 2.796 Thread 0x000001ed0cc15070 Exception <a 'java/lang/NoSuchMethodError'{0x0000000088611018}: 'void java.lang.invoke.DirectMethodHandle$Holder.invokeStaticInit(java.lang.Object, java.lang.Object, java.lang.Object)'> (0x0000000088611018) 
thrown [s\open\src\hotspot\share\interpreter\linkResolver.cpp, line 773]
Event: 2.807 Thread 0x000001ed0cc15070 Exception <a 'java/lang/NoSuchMethodError'{0x00000000886655a8}: 'java.lang.Object java.lang.invoke.DirectMethodHandle$Holder.invokeStaticInit(java.lang.Object, int)'> (0x00000000886655a8) 
thrown [s\open\src\hotspot\share\interpreter\linkResolver.cpp, line 773]
Event: 2.809 Thread 0x000001ed0cc15070 Exception <a 'java/lang/NoSuchMethodError'{0x000000008866f4b0}: 'java.lang.Object java.lang.invoke.DirectMethodHandle$Holder.invokeStaticInit(java.lang.Object, int, java.lang.Object)'> (0x000000008866f4b0) 
thrown [s\open\src\hotspot\share\interpreter\linkResolver.cpp, line 773]
Event: 2.837 Thread 0x000001ed0cc15070 Exception <a 'java/lang/NoSuchMethodError'{0x0000000088514c48}: 'void java.lang.invoke.DirectMethodHandle$Holder.invokeVirtual(java.lang.Object, java.lang.Object, java.lang.Object, java.lang.Object)'> (0x0000000088514c48) 
thrown [s\open\src\hotspot\share\interpreter\linkResolver.cpp, line 773]
Event: 2.937 Thread 0x000001ed0cc15070 Exception <a 'java/lang/NoSuchMethodError'{0x00000000883a1850}: 'java.lang.Object java.lang.invoke.Invokers$Holder.invoke_MT(java.lang.Object, java.lang.Object, java.lang.Object, java.lang.Object, java.lang.Object, java.lang.Object, java.lang.Object, java.lang.Object, java.lang.Object)'> (0x00000000883a1850) 
thrown [s\open\src\hotspot\share\interpreter\linkResolver.cpp, line 773]
Event: 2.947 Thread 0x000001ed0cc15070 Exception <a 'java/lang/NoSuchMethodError'{0x0000000088204430}: 'java.lang.reflect.Field[] java.lang.Class.getDeclaredFields(java.lang.Class)'> (0x0000000088204430) 
thrown [s\open\src\hotspot\share\interpreter\linkResolver.cpp, line 773]
Event: 2.968 Thread 0x000001ed0cc15070 Exception <a 'java/lang/IncompatibleClassChangeError'{0x00000000882b4068}: Found class java.lang.Object, but interface was expected> (0x00000000882b4068) 
thrown [s\open\src\hotspot\share\interpreter\linkResolver.cpp, line 840]
Event: 3.388 Thread 0x000001ed0cc15700 Exception <a 'java/lang/NoSuchMethodError'{0x0000000088a66ce8}: 'long java.lang.invoke.DirectMethodHandle$Holder.invokeStatic(java.lang.Object, java.lang.Object)'> (0x0000000088a66ce8) 
thrown [s\open\src\hotspot\share\interpreter\linkResolver.cpp, line 773]
Event: 3.389 Thread 0x000001ed0cc15700 Exception <a 'java/lang/NoSuchMethodError'{0x0000000088a69db0}: 'long java.lang.invoke.DirectMethodHandle$Holder.invokeStaticInit(java.lang.Object, java.lang.Object)'> (0x0000000088a69db0) 
thrown [s\open\src\hotspot\share\interpreter\linkResolver.cpp, line 773]
Event: 3.392 Thread 0x000001ed0cc15700 Exception <a 'java/lang/NoSuchMethodError'{0x0000000088a75b30}: 'long java.lang.invoke.DirectMethodHandle$Holder.invokeInterface(java.lang.Object, java.lang.Object)'> (0x0000000088a75b30) 
thrown [s\open\src\hotspot\share\interpreter\linkResolver.cpp, line 773]
Event: 3.392 Thread 0x000001ed0cc15700 Exception <a 'java/lang/IncompatibleClassChangeError'{0x0000000088a78b40}: Found class java.lang.Object, but interface was expected> (0x0000000088a78b40) 
thrown [s\open\src\hotspot\share\interpreter\linkResolver.cpp, line 840]
Event: 3.527 Thread 0x000001ed0cc15070 Exception <a 'java/lang/NoSuchMethodError'{0x000000008851aec8}: 'int java.lang.invoke.DirectMethodHandle$Holder.invokeSpecial(java.lang.Object, java.lang.Object, java.lang.Object, java.lang.Object, java.lang.Object)'> (0x000000008851aec8) 
thrown [s\open\src\hotspot\share\interpreter\linkResolver.cpp, line 773]
Event: 3.541 Thread 0x000001ed0cc15070 Exception <a 'java/lang/NoSuchMethodError'{0x0000000088522e30}: 'void java.lang.invoke.DirectMethodHandle$Holder.invokeVirtual(java.lang.Object, java.lang.Object)'> (0x0000000088522e30) 
thrown [s\open\src\hotspot\share\interpreter\linkResolver.cpp, line 773]

ZGC Phase Switch (0 events):
No events

VM Operations (20 events):
Event: 1.605 Executing VM operation: HandshakeAllThreads (Deoptimize)
Event: 1.605 Executing VM operation: HandshakeAllThreads (Deoptimize) done
Event: 1.680 Executing VM operation: HandshakeAllThreads (Deoptimize)
Event: 1.692 Executing VM operation: HandshakeAllThreads (Deoptimize) done
Event: 1.696 Executing VM operation: HandshakeAllThreads (Deoptimize)
Event: 1.696 Executing VM operation: HandshakeAllThreads (Deoptimize) done
Event: 2.110 Executing VM operation: G1CollectForAllocation (G1 Evacuation Pause)
Event: 2.119 Executing VM operation: G1CollectForAllocation (G1 Evacuation Pause) done
Event: 2.917 Executing VM operation: ICBufferFull
Event: 2.917 Executing VM operation: ICBufferFull done
Event: 2.920 Executing VM operation: HandshakeAllThreads (Deoptimize)
Event: 2.920 Executing VM operation: HandshakeAllThreads (Deoptimize) done
Event: 2.973 Executing VM operation: G1CollectForAllocation (G1 Evacuation Pause)
Event: 2.983 Executing VM operation: G1CollectForAllocation (G1 Evacuation Pause) done
Event: 3.376 Executing VM operation: HandshakeAllThreads (Deoptimize)
Event: 3.376 Executing VM operation: HandshakeAllThreads (Deoptimize) done
Event: 3.487 Executing VM operation: HandshakeAllThreads (Deoptimize)
Event: 3.487 Executing VM operation: HandshakeAllThreads (Deoptimize) done
Event: 3.663 Executing VM operation: HandshakeAllThreads (Deoptimize)
Event: 3.663 Executing VM operation: HandshakeAllThreads (Deoptimize) done

Events (20 events):
Event: 0.076 Thread 0x000001ecc6a596e0 Thread added: 0x000001ecc6a596e0
Event: 0.077 Thread 0x000001ecc6a5b5c0 Thread added: 0x000001ecc6a5b5c0
Event: 0.077 Thread 0x000001ecc6a5d190 Thread added: 0x000001ecc6a5d190
Event: 0.077 Thread 0x000001ecc6a5e670 Thread added: 0x000001ecc6a5e670
Event: 0.077 Thread 0x000001ecc6a60b60 Thread added: 0x000001ecc6a60b60
Event: 0.077 Thread 0x000001ecc6a656f0 Thread added: 0x000001ecc6a656f0
Event: 0.236 Thread 0x000001ecc6a303b0 Thread added: 0x000001ecc6a303b0
Event: 0.302 Thread 0x000001ecc6ca4e70 Thread added: 0x000001ecc6ca4e70
Event: 0.307 Thread 0x000001ecc6cb1900 Thread added: 0x000001ecc6cb1900
Event: 0.874 Thread 0x000001ed0c2aff00 Thread added: 0x000001ed0c2aff00
Event: 1.252 Thread 0x000001ed0c350590 Thread added: 0x000001ed0c350590
Event: 1.295 Thread 0x000001ed0c358670 Thread added: 0x000001ed0c358670
Event: 1.355 Thread 0x000001ed0c39c860 Thread added: 0x000001ed0c39c860
Event: 1.547 Thread 0x000001ed0c40abe0 Thread added: 0x000001ed0c40abe0
Event: 1.597 Thread 0x000001ed0c3f2950 Thread added: 0x000001ed0c3f2950
Event: 1.619 Thread 0x000001ed0c3f2fc0 Thread added: 0x000001ed0c3f2fc0
Event: 1.677 Thread 0x000001ed0c461af0 Thread added: 0x000001ed0c461af0
Event: 2.254 Thread 0x000001ed0cc13630 Thread added: 0x000001ed0cc13630
Event: 2.258 Thread 0x000001ed0cc15070 Thread added: 0x000001ed0cc15070
Event: 2.933 Thread 0x000001ed0cc15700 Thread added: 0x000001ed0cc15700


Dynamic libraries:
0x00007ff74dae0000 - 0x00007ff74daf0000 	C:\Program Files\Java\jdk-21\bin\javaw.exe
0x00007ffb8e670000 - 0x00007ffb8e888000 	C:\Windows\SYSTEM32\ntdll.dll
0x00007ffb8c5f0000 - 0x00007ffb8c6b4000 	C:\Windows\System32\KERNEL32.DLL
0x00007ffb8bb30000 - 0x00007ffb8bf03000 	C:\Windows\System32\KERNELBASE.dll
0x00007ffb8bfb0000 - 0x00007ffb8c0c1000 	C:\Windows\System32\ucrtbase.dll
0x00007ffb83b40000 - 0x00007ffb83b59000 	C:\Program Files\Java\jdk-21\bin\jli.dll
0x00007ffb8c310000 - 0x00007ffb8c3c1000 	C:\Windows\System32\ADVAPI32.dll
0x00007ffb8ca50000 - 0x00007ffb8caf7000 	C:\Windows\System32\msvcrt.dll
0x00007ffb8c9a0000 - 0x00007ffb8ca48000 	C:\Windows\System32\sechost.dll
0x00007ffb8bad0000 - 0x00007ffb8baf8000 	C:\Windows\System32\bcrypt.dll
0x00007ffb8d8b0000 - 0x00007ffb8d9c8000 	C:\Windows\System32\RPCRT4.dll
0x00007ffb8c7e0000 - 0x00007ffb8c992000 	C:\Windows\System32\USER32.dll
0x00007ffb8bb00000 - 0x00007ffb8bb26000 	C:\Windows\System32\win32u.dll
0x00007ffb8d090000 - 0x00007ffb8d0b9000 	C:\Windows\System32\GDI32.dll
0x00007ffb8b9b0000 - 0x00007ffb8bacb000 	C:\Windows\System32\gdi32full.dll
0x00007ffb8bf10000 - 0x00007ffb8bfaa000 	C:\Windows\System32\msvcp_win.dll
0x00007ffb81980000 - 0x00007ffb8199b000 	C:\Program Files\Java\jdk-21\bin\VCRUNTIME140.dll
0x00007ffb770e0000 - 0x00007ffb7737c000 	C:\Windows\WinSxS\amd64_microsoft.windows.common-controls_6595b64144ccf1df_6.0.22621.6060_none_2712eda17382d24b\COMCTL32.dll
0x00007ffb83040000 - 0x00007ffb8304a000 	C:\Windows\SYSTEM32\VERSION.dll
0x00007ffb8e3b0000 - 0x00007ffb8e3e1000 	C:\Windows\System32\IMM32.DLL
0x00007ffb83b30000 - 0x00007ffb83b3c000 	C:\Program Files\Java\jdk-21\bin\vcruntime140_1.dll
0x00007ffb73b30000 - 0x00007ffb73bbe000 	C:\Program Files\Java\jdk-21\bin\msvcp140.dll
0x00007ffb38c90000 - 0x00007ffb399ad000 	C:\Program Files\Java\jdk-21\bin\server\jvm.dll
0x00007ffb8d010000 - 0x00007ffb8d081000 	C:\Windows\System32\WS2_32.dll
0x00007ffb8b650000 - 0x00007ffb8b69d000 	C:\Windows\SYSTEM32\POWRPROF.dll
0x00007ffb83530000 - 0x00007ffb83564000 	C:\Windows\SYSTEM32\WINMM.dll
0x00007ffb8b630000 - 0x00007ffb8b643000 	C:\Windows\SYSTEM32\UMPDC.dll
0x00007ffb8a720000 - 0x00007ffb8a738000 	C:\Windows\SYSTEM32\kernel.appcore.dll
0x00007ffb75e10000 - 0x00007ffb75e1a000 	C:\Program Files\Java\jdk-21\bin\jimage.dll
0x00007ffb850c0000 - 0x00007ffb852f3000 	C:\Windows\SYSTEM32\DBGHELP.DLL
0x00007ffb8d510000 - 0x00007ffb8d8a1000 	C:\Windows\System32\combase.dll
0x00007ffb8e550000 - 0x00007ffb8e628000 	C:\Windows\System32\OLEAUT32.dll
0x00007ffb6a6d0000 - 0x00007ffb6a702000 	C:\Windows\SYSTEM32\dbgcore.DLL
0x00007ffb8c0d0000 - 0x00007ffb8c14b000 	C:\Windows\System32\bcryptPrimitives.dll
0x00007ffb585b0000 - 0x00007ffb585cf000 	C:\Program Files\Java\jdk-21\bin\java.dll
0x00007ffb8d9d0000 - 0x00007ffb8e26c000 	C:\Windows\System32\SHELL32.dll
0x00007ffb8c150000 - 0x00007ffb8c28f000 	C:\Windows\System32\wintypes.dll
0x00007ffb89630000 - 0x00007ffb89f4a000 	C:\Windows\SYSTEM32\windows.storage.dll
0x00007ffb8c6c0000 - 0x00007ffb8c7c4000 	C:\Windows\System32\SHCORE.dll
0x00007ffb8e290000 - 0x00007ffb8e2f9000 	C:\Windows\System32\shlwapi.dll
0x00007ffb8b6b0000 - 0x00007ffb8b6d5000 	C:\Windows\SYSTEM32\profapi.dll
0x00007ffb75280000 - 0x00007ffb75290000 	C:\Program Files\Java\jdk-21\bin\net.dll
0x00007ffb83050000 - 0x00007ffb8317c000 	C:\Windows\SYSTEM32\WINHTTP.dll
0x00007ffb8abe0000 - 0x00007ffb8ac49000 	C:\Windows\system32\mswsock.dll
0x00007ffb54640000 - 0x00007ffb54656000 	C:\Program Files\Java\jdk-21\bin\nio.dll
0x00007ffb4a280000 - 0x00007ffb4a298000 	C:\Program Files\Java\jdk-21\bin\zip.dll
0x00007ffb81970000 - 0x00007ffb8197a000 	C:\Program Files\Java\jdk-21\bin\management.dll
0x00007ffb81930000 - 0x00007ffb8193b000 	C:\Program Files\Java\jdk-21\bin\management_ext.dll
0x00007ffb8c7d0000 - 0x00007ffb8c7d8000 	C:\Windows\System32\PSAPI.DLL
0x00007ffb623d0000 - 0x00007ffb623e7000 	C:\Windows\system32\napinsp.dll
0x00007ffb623b0000 - 0x00007ffb623cb000 	C:\Windows\system32\pnrpnsp.dll
0x00007ffb8a270000 - 0x00007ffb8a368000 	C:\Windows\SYSTEM32\DNSAPI.dll
0x00007ffb8a1f0000 - 0x00007ffb8a21d000 	C:\Windows\SYSTEM32\IPHLPAPI.DLL
0x00007ffb8d290000 - 0x00007ffb8d299000 	C:\Windows\System32\NSI.dll
0x00007ffb62390000 - 0x00007ffb623a1000 	C:\Windows\System32\winrnr.dll
0x00007ffb62370000 - 0x00007ffb62385000 	C:\Windows\system32\wshbth.dll
0x00007ffb62340000 - 0x00007ffb62361000 	C:\Windows\system32\nlansp_c.dll
0x00007ffb74750000 - 0x00007ffb7475a000 	C:\Windows\System32\rasadhlp.dll
0x00007ffb81470000 - 0x00007ffb814f4000 	C:\Windows\System32\fwpuclnt.dll
0x00007ffb8af30000 - 0x00007ffb8af4b000 	C:\Windows\SYSTEM32\CRYPTSP.dll
0x00007ffb8a680000 - 0x00007ffb8a6b7000 	C:\Windows\system32\rsaenh.dll
0x00007ffb8ac80000 - 0x00007ffb8aca8000 	C:\Windows\SYSTEM32\USERENV.dll
0x00007ffb8af10000 - 0x00007ffb8af1c000 	C:\Windows\SYSTEM32\CRYPTBASE.dll
0x00007ffb83ba0000 - 0x00007ffb83ba9000 	C:\Program Files\Java\jdk-21\bin\extnet.dll
0x00007ffb72f00000 - 0x00007ffb72f0e000 	C:\Program Files\Java\jdk-21\bin\sunmscapi.dll
0x00007ffb8b780000 - 0x00007ffb8b8e8000 	C:\Windows\System32\CRYPT32.dll
0x00007ffb8b050000 - 0x00007ffb8b07e000 	C:\Windows\SYSTEM32\ncrypt.dll
0x00007ffb8b010000 - 0x00007ffb8b047000 	C:\Windows\SYSTEM32\NTASN1.dll

dbghelp: loaded successfully - version: 4.0.5 - missing functions: none
symbol engine: initialized successfully - sym options: 0x614 - pdb path: .;C:\Program Files\Java\jdk-21\bin;C:\Windows\SYSTEM32;C:\Windows\WinSxS\amd64_microsoft.windows.common-controls_6595b64144ccf1df_6.0.22621.6060_none_2712eda17382d24b;C:\Program Files\Java\jdk-21\bin\server

VM Arguments:
jvm_args: -Dcom.sun.management.jmxremote -Dcom.sun.management.jmxremote.port=50031 -Dcom.sun.management.jmxremote.authenticate=false -Dcom.sun.management.jmxremote.ssl=false -Djava.rmi.server.hostname=localhost -Dspring.jmx.enabled=true -Dmanagement.endpoints.jmx.exposure.include=* -Dspring.application.admin.enabled=true -Dspring.output.ansi.enabled=always -XX:TieredStopAtLevel=1 -Dspring.boot.project.name=SpringBootSDPBackendProject -Dfile.encoding=UTF-8 -Dstdout.encoding=UTF-8 -Dstderr.encoding=UTF-8 -XX:+ShowCodeDetailsInExceptionMessages 
java_command: com.klef.fsad.sdp.SpringBootSdpBackendProjectApplication
java_class_path (initial): D:\FSAD\FSADWORKSPACE\SpringBootSDPBackendProject\target\classes;C:\Users\91773\.m2\repository\org\springframework\boot\spring-boot-starter-data-jpa\4.0.2\spring-boot-starter-data-jpa-4.0.2.jar;C:\Users\91773\.m2\repository\org\springframework\boot\spring-boot-starter\4.0.2\spring-boot-starter-4.0.2.jar;C:\Users\91773\.m2\repository\org\springframework\boot\spring-boot-starter-logging\4.0.2\spring-boot-starter-logging-4.0.2.jar;C:\Users\91773\.m2\repository\ch\qos\logback\logback-classic\1.5.25\logback-classic-1.5.25.jar;C:\Users\91773\.m2\repository\ch\qos\logback\logback-core\1.5.25\logback-core-1.5.25.jar;C:\Users\91773\.m2\repository\org\apache\logging\log4j\log4j-to-slf4j\2.25.3\log4j-to-slf4j-2.25.3.jar;C:\Users\91773\.m2\repository\org\apache\logging\log4j\log4j-api\2.25.3\log4j-api-2.25.3.jar;C:\Users\91773\.m2\repository\org\slf4j\jul-to-slf4j\2.0.17\jul-to-slf4j-2.0.17.jar;C:\Users\91773\.m2\repository\jakarta\annotation\jakarta.annotation-api\3.0.0\jakarta.annotation-api-3.0.0.jar;C:\Users\91773\.m2\repository\org\yaml\snakeyaml\2.5\snakeyaml-2.5.jar;C:\Users\91773\.m2\repository\org\springframework\boot\spring-boot-starter-jdbc\4.0.2\spring-boot-starter-jdbc-4.0.2.jar;C:\Users\91773\.m2\repository\com\zaxxer\HikariCP\7.0.2\HikariCP-7.0.2.jar;C:\Users\91773\.m2\repository\org\springframework\boot\spring-boot-data-jpa\4.0.2\spring-boot-data-jpa-4.0.2.jar;C:\Users\91773\.m2\repository\org\springframework\boot\spring-boot-data-commons\4.0.2\spring-boot-data-commons-4.0.2.jar;C:\Users\91773\.m2\repository\org\springframework\boot\spring-boot-persistence\4.0.2\spring-boot-persistence-4.0.2.jar;C:\Users\91773\.m2\repository\org\springframework\data\spring-data-commons\4.0.2\spring-data-commons-4.0.2.jar;C:\Users\91773\.m2\repository\org\springframework\boot\spring-boot-hibernate\4.0.2\spring-boot-hibernate-4.0.2.jar;C:\Users\91773\.m2\repository\org\springframework\boot\spring-boot-jpa\4.0.2\spring-boot-jpa-4.0.2.jar;C:\Users\91773\.m2\repository\jakarta\persistence\jakarta.persistence-api\3.2.0\jakarta.persistence-api-3.2.0.jar;C:\Users\91773\.m2\repository\org\hibernate\orm\hibernate-core\7.2.1.Final\hibernate-core-7.2.1.Final.jar;C:\Users\91773\.m2\repository\jakarta\transaction\jakarta.transaction-api\2.0.1\jakarta.transaction-api-2.0.1.jar;C:\Users\91773\.m2\repository\org\jboss\logging\jboss-logging\3.6.1.Final\jboss-logging-3.6.1.Final.jar;C:\Users\91773\.m2\repository\org\hibernate\models\hibernate-models\1.0.1\hibernate-models-1.0.1.jar;C:\Users\91773\.m2\repository\com\fasterxml\classmate\1.7.3\classmate-1.7.3.jar;C:\Users\91773\.m2\repository\org\glassfish\jaxb\jaxb-runtime\4.0.6\jaxb-runtime-4.0.6.jar;C:\Users\91773\.m2\repository\org\glassfish\jaxb\jaxb-core\4.0.6\jaxb-core-4.0.6.jar;C:\Users\91773\.m2\repository\org\glassfish\jaxb\txw2\4.0.6\txw2-4.0.6.jar;C:\Users\91773\.m2\repository\com\sun\istack\istack-commons-runtime\4.1.2\istack-commons-runtime-4.1.2.jar;C:\Users\91773\.m2\repository\jakarta\inject\jakarta.inject-api\2.0.1\jakarta.inject-api-2.0.1.jar;C:\Users\91773\.m2\repository\org\springframework\spring-orm\7.0.3\spring-orm-7.0.3.jar;C:\Users\91773\.m2\repository\org\springframework\data\spring-data-jpa\4.0.2\spring-data-jpa-4.0.2.jar;C:\Users\91773\.m2\repository\org\springframework\spring-tx\7.0.3\spring-tx-7.0.3.jar;C:\Users\91773\.m2\repository\org\antlr\antlr4-runtime\4.13.2\antlr4-runtime-4.13.2.jar;C:\Users\91773\.m2\repository\org\springframework\spring-aspects\7.0.3\spring-aspects-7.0.3.jar;C:\Users\91773\.m2\repository\org\aspectj\aspectjweaver\1.9.25.1\aspectjweaver-1.9.25.1.jar;C:\Users\91773\.m2\repository\org\springframework\boot\spring-boot-jdbc\4.0.2\spring-boot-jdbc-4.0.2.jar;C:\Users\91773\.m2\repository\org\springframework\boot\spring-boot-sql\4.0.2\spring-boot-sql-4.0.2.jar;C:\Users\91773\.m2\repository\org\springframework\boot\spring-boot-transaction\4.0.2\spring-boot-transaction-4.0.2.jar;C:\Users\91773\.m2\repository\org\springframework\spring-jdbc\7.0.3\spring-jdbc-7.0.3.jar;C:\Users\91773\.m2\repository\org\springframework\boot\spring-boot-starter-webmvc\4.0.2\spring-boot-starter-webmvc-4.0.2.jar;C:\Users\91773\.m2\repository\org\springframework\boot\spring-boot-starter-jackson\4.0.2\spring-boot-starter-jackson-4.0.2.jar;C:\Users\91773\.m2\repository\org\springframework\boot\spring-boot-jackson\4.0.2\spring-boot-jackson-4.0.2.jar;C:\Users\91773\.m2\repository\tools\jackson\core\jackson-databind\3.0.4\jackson-databind-3.0.4.jar;C:\Users\91773\.m2\repository\tools\jackson\core\jackson-core\3.0.4\jackson-core-3.0.4.jar;C:\Users\91773\.m2\repository\org\springframework\boot\spring-boot-starter-tomcat\4.0.2\spring-boot-starter-tomcat-4.0.2.jar;C:\Users\91773\.m2\repository\org\springframework\boot\spring-boot-starter-tomcat-runtime\4.0.2\spring-boot-starter-tomcat-runtime-4.0.2.jar;C:\Users\91773\.m2\repository\org\apache\tomcat\embed\tomcat-embed-core\11.0.15\tomcat-embed-core-11.0.15.jar;C:\Users\91773\.m2\repository\org\apache\tomcat\embed\tomcat-embed-el\11.0.15\tomcat-embed-el-11.0.15.jar;C:\Users\91773\.m2\repository\org\apache\tomcat\embed\tomcat-embed-websocket\11.0.15\tomcat-embed-websocket-11.0.15.jar;C:\Users\91773\.m2\repository\org\springframework\boot\spring-boot-tomcat\4.0.2\spring-boot-tomcat-4.0.2.jar;C:\Users\91773\.m2\repository\org\springframework\boot\spring-boot-http-converter\4.0.2\spring-boot-http-converter-4.0.2.jar;C:\Users\91773\.m2\repository\org\springframework\spring-web\7.0.3\spring-web-7.0.3.jar;C:\Users\91773\.m2\repository\io\micrometer\micrometer-observation\1.16.2\micrometer-observation-1.16.2.jar;C:\Users\91773\.m2\repository\io\micrometer\micrometer-commons\1.16.2\micrometer-commons-1.16.2.jar;C:\Users\91773\.m2\repository\org\springframework\boot\spring-boot-webmvc\4.0.2\spring-boot-webmvc-4.0.2.jar;C:\Users\91773\.m2\repository\org\springframework\boot\spring-boot-servlet\4.0.2\spring-boot-servlet-4.0.2.jar;C:\Users\91773\.m2\repository\org\springframework\spring-webmvc\7.0.3\spring-webmvc-7.0.3.jar;C:\Users\91773\.m2\repository\org\springframework\spring-expression\7.0.3\spring-expression-7.0.3.jar;C:\Users\91773\.m2\repository\org\slf4j\slf4j-api\2.0.17\slf4j-api-2.0.17.jar;C:\Users\91773\.m2\repository\io\jsonwebtoken\jjwt-api\0.11.5\jjwt-api-0.11.5.jar;C:\Users\91773\.m2\repository\io\jsonwebtoken\jjwt-impl\0.11.5\jjwt-impl-0.11.5.jar;C:\Users\91773\.m2\repository\io\jsonwebtoken\jjwt-jackson\0.11.5\jjwt-jackson-0.11.5.jar;C:\Users\91773\.m2\repository\com\fasterxml\jackson\core\jackson-databind\2.20.2\jackson-databind-2.20.2.jar;C:\Users\91773\.m2\repository\com\fasterxml\jackson\core\jackson-annotations\2.20\jackson-annotations-2.20.jar;C:\Users\91773\.m2\repository\com\fasterxml\jackson\core\jackson-core\2.20.2\jackson-core-2.20.2.jar;C:\Users\91773\.m2\repository\org\springframework\boot\spring-boot-devtools\4.0.2\spring-boot-devtools-4.0.2.jar;C:\Users\91773\.m2\repository\org\springframework\boot\spring-boot\4.0.2\spring-boot-4.0.2.jar;C:\Users\91773\.m2\repository\org\springframework\spring-core\7.0.3\spring-core-7.0.3.jar;C:\Users\91773\.m2\repository\commons-logging\commons-logging\1.3.5\commons-logging-1.3.5.jar;C:\Users\91773\.m2\repository\org\jspecify\jspecify\1.0.0\jspecify-1.0.0.jar;C:\Users\91773\.m2\repository\org\springframework\spring-context\7.0.3\spring-context-7.0.3.jar;C:\Users\91773\.m2\repository\org\springframework\boot\spring-boot-autoconfigure\4.0.2\spring-boot-autoconfigure-4.0.2.jar;C:\Users\91773\.m2\repository\com\mysql\mysql-connector-j\9.5.0\mysql-connector-j-9.5.0.jar;C:\Users\91773\.m2\repository\jakarta\xml\bind\jakarta.xml.bind-api\4.0.4\jakarta.xml.bind-api-4.0.4.jar;C:\Users\91773\.m2\repository\jakarta\activation\jakarta.activation-api\2.1.4\jakarta.activation-api-2.1.4.jar;C:\Users\91773\.m2\repository\net\bytebuddy\byte-buddy\1.17.8\byte-buddy-1.17.8.jar;C:\Users\91773\.m2\repository\org\springframework\boot\spring-boot-web-server\4.0.2\spring-boot-web-server-4.0.2.jar;C:\Users\91773\.m2\repository\org\springdoc\springdoc-openapi-starter-webmvc-ui\2.5.0\springdoc-openapi-starter-webmvc-ui-2.5.0.jar;C:\Users\91773\.m2\repository\org\springdoc\springdoc-openapi-starter-webmvc-api\2.5.0\springdoc-openapi-starter-webmvc-api-2.5.0.jar;C:\Users\91773\.m2\repository\org\springdoc\springdoc-openapi-starter-common\2.5.0\springdoc-openapi-starter-common-2.5.0.jar;C:\Users\91773\.m2\repository\io\swagger\core\v3\swagger-core-jakarta\2.2.21\swagger-core-jakarta-2.2.21.jar;C:\Users\91773\.m2\repository\org\apache\commons\commons-lang3\3.19.0\commons-lang3-3.19.0.jar;C:\Users\91773\.m2\repository\io\swagger\core\v3\swagger-annotations-jakarta\2.2.21\swagger-annotations-jakarta-2.2.21.jar;C:\Users\91773\.m2\repository\io\swagger\core\v3\swagger-models-jakarta\2.2.21\swagger-models-jakarta-2.2.21.jar;C:\Users\91773\.m2\repository\jakarta\validation\jakarta.validation-api\3.1.1\jakarta.validation-api-3.1.1.jar;C:\Users\91773\.m2\repository\com\fasterxml\jackson\dataformat\jackson-dataformat-yaml\2.20.2\jackson-dataformat-yaml-2.20.2.jar;C:\Users\91773\.m2\repository\com\fasterxml\jackson\datatype\jackson-datatype-jsr310\2.20.2\jackson-datatype-jsr310-2.20.2.jar;C:\Users\91773\.m2\repository\org\webjars\swagger-ui\5.13.0\swagger-ui-5.13.0.jar;C:\Users\91773\.m2\repository\org\springframework\boot\spring-boot-starter-mail\4.0.2\spring-boot-starter-mail-4.0.2.jar;C:\Users\91773\.m2\repository\org\springframework\boot\spring-boot-mail\4.0.2\spring-boot-mail-4.0.2.jar;C:\Users\91773\.m2\repository\org\springframework\spring-context-support\7.0.3\spring-context-support-7.0.3.jar;C:\Users\91773\.m2\repository\jakarta\mail\jakarta.mail-api\2.1.5\jakarta.mail-api-2.1.5.jar;C:\Users\91773\.m2\repository\org\eclipse\angus\angus-mail\2.0.5\angus-mail-2.0.5.jar;C:\Users\91773\.m2\repository\org\eclipse\angus\angus-activation\2.0.3\angus-activation-2.0.3.jar;C:\Users\91773\.m2\repository\org\projectlombok\lombok\1.18.42\lombok-1.18.42.jar;C:\Users\91773\.m2\repository\org\springframework\boot\spring-boot-starter-security\4.0.2\spring-boot-starter-security-4.0.2.jar;C:\Users\91773\.m2\repository\org\springframework\boot\spring-boot-security\4.0.2\spring-boot-security-4.0.2.jar;C:\Users\91773\.m2\repository\org\springframework\security\spring-security-config\7.0.2\spring-security-config-7.0.2.jar;C:\Users\91773\.m2\repository\org\springframework\security\spring-security-core\7.0.2\spring-security-core-7.0.2.jar;C:\Users\91773\.m2\repository\org\springframework\security\spring-security-crypto\7.0.2\spring-security-crypto-7.0.2.jar;C:\Users\91773\.m2\repository\org\springframework\security\spring-security-web\7.0.2\spring-security-web-7.0.2.jar;C:\Users\91773\.m2\repository\org\springframework\spring-aop\7.0.3\spring-aop-7.0.3.jar;C:\Users\91773\.m2\repository\org\springframework\spring-beans\7.0.3\spring-beans-7.0.3.jar
Launcher Type: SUN_STANDARD

[Global flags]
     intx CICompilerCount                          = 3                                         {product} {ergonomic}
     uint ConcGCThreads                            = 1                                         {product} {ergonomic}
     uint G1ConcRefinementThreads                  = 4                                         {product} {ergonomic}
   size_t G1HeapRegionSize                         = 1048576                                   {product} {ergonomic}
    uintx GCDrainStackTargetSize                   = 64                                        {product} {ergonomic}
   size_t InitialHeapSize                          = 134217728                                 {product} {ergonomic}
     bool ManagementServer                         = true                                      {product} {command line}
   size_t MarkStackSize                            = 4194304                                   {product} {ergonomic}
   size_t MaxHeapSize                              = 2116026368                                {product} {ergonomic}
   size_t MaxNewSize                               = 1268776960                                {product} {ergonomic}
   size_t MinHeapDeltaBytes                        = 1048576                                   {product} {ergonomic}
   size_t MinHeapSize                              = 8388608                                   {product} {ergonomic}
    uintx NonNMethodCodeHeapSize                   = 4096                                   {pd product} {ergonomic}
    uintx NonProfiledCodeHeapSize                  = 0                                      {pd product} {ergonomic}
     bool ProfileInterpreter                       = false                                  {pd product} {command line}
    uintx ProfiledCodeHeapSize                     = 0                                      {pd product} {ergonomic}
     bool ShowCodeDetailsInExceptionMessages       = true                                   {manageable} {command line}
   size_t SoftMaxHeapSize                          = 2116026368                             {manageable} {ergonomic}
     intx TieredStopAtLevel                        = 1                                         {product} {command line}
     bool UseCompressedOops                        = true                           {product lp64_product} {ergonomic}
     bool UseG1GC                                  = true                                      {product} {ergonomic}
     bool UseLargePagesIndividualAllocation        = false                                  {pd product} {ergonomic}

Logging:
Log output configuration:
 #0: stdout all=warning uptime,level,tags foldmultilines=false
 #1: stderr all=off uptime,level,tags foldmultilines=false

Environment Variables:
PATH=C:/Program Files/Java/jdk-21/bin/server;C:/Program Files/Java/jdk-21/bin;C:\Program Files\Common Files\Oracle\Java\javapath;C:\Windows\system32;C:\Windows;C:\Windows\System32\Wbem;C:\Windows\System32\WindowsPowerShell\v1.0\;C:\Windows\System32\OpenSSH\;C:\Program Files\dotnet\;C:\Program Files\Git\cmd;C:\Program Files\nodejs\;C:\Program Files\nodejs\;C:\Program Files\MySQL\MySQL Shell 8.0\bin\;C:\Users\91773\AppData\Local\Programs\Python\Python314\Scripts\;C:\Users\91773\AppData\Local\Programs\Python\Python314\;C:\Users\91773\AppData\Local\Programs\Python\Launcher\;C:\Users\91773\AppData\Local\Microsoft\WindowsApps;C:\Users\91773\AppData\Local\Programs\Microsoft VS Code\bin;C:\Users\91773\AppData\Roaming\npm;D:\Kiro\bin;D:\Antigravity\bin;C:\Users\91773\OneDrive\Desktop;
USERNAME=91773
OS=Windows_NT
PROCESSOR_IDENTIFIER=Intel64 Family 6 Model 142 Stepping 9, GenuineIntel
TMP=C:\Users\91773\AppData\Local\Temp
TEMP=C:\Users\91773\AppData\Local\Temp




Periodic native trim disabled

---------------  S Y S T E M  ---------------

OS:
 Windows 11 , 64 bit Build 22621 (10.0.22621.5415)
OS uptime: 0 days 0:14 hours
Hyper-V role detected

CPU: total 4 (initial active 4) (2 cores per cpu, 2 threads per core) family 6 model 142 stepping 9 microcode 0xf4, cx8, cmov, fxsr, ht, mmx, 3dnowpref, sse, sse2, sse3, ssse3, sse4.1, sse4.2, popcnt, lzcnt, tsc, tscinvbit, avx, avx2, aes, erms, clmul, bmi1, bmi2, rtm, adx, fma, vzeroupper, clflush, clflushopt, hv, rdtscp, f16c
Processor Information for all 4 processors :
  Max Mhz: 2712, Current Mhz: 2611, Mhz Limit: 2603

Memory: 4k page, system-wide physical 8067M (539M free)
TotalPageFile size 10627M (AvailPageFile size 2M)
current process WorkingSet (physical memory assigned to process): 119M, peak: 119M
current process commit charge ("private bytes"): 239M, peak: 239M

vm_info: Java HotSpot(TM) 64-Bit Server VM (21.0.9+7-LTS-338) for windows-amd64 JRE (21.0.9+7-LTS-338), built on 2025-09-26T06:33:49Z by "mach5run" with MS VC++ 17.6 (VS2022)

END.
